# JRE version: OpenJDK Runtime Environment (11.0.12+7) (build 11.0.12+7-b1504.28-7817840)
# Java VM: OpenJDK 64-Bit Server VM (11.0.12+7-b1504.28-7817840, mixed mode, tiered, compressed oops, g1 gc, windows-amd64)
Heap:
 garbage-first heap   total 262144K, used 132384K [0x0000000080000000, 0x0000000100000000)
  region size 1024K, 66 young (67584K), 15 survivors (15360K)
 Metaspace       used 90865K, capacity 93423K, committed 93560K, reserved 1130496K
  class space    used 11803K, capacity 12802K, committed 12920K, reserved 1048576K
GC Heap History (20 events):
Event: 2.216 GC heap before
{Heap before GC invocations=1 (full 0):
 garbage-first heap   total 262144K, used 111878K [0x0000000080000000, 0x0000000100000000)
  region size 1024K, 104 young (106496K), 3 survivors (3072K)
 Metaspace       used 20718K, capacity 21140K, committed 21248K, reserved 1067008K
  class space    used 2553K, capacity 2713K, committed 2816K, reserved 1048576K
}
Event: 2.225 GC heap after
{Heap after GC invocations=2 (full 0):
 garbage-first heap   total 262144K, used 16717K [0x0000000080000000, 0x0000000100000000)
  region size 1024K, 11 young (11264K), 11 survivors (11264K)
 Metaspace       used 20718K, capacity 21140K, committed 21248K, reserved 1067008K
  class space    used 2553K, capacity 2713K, committed 2816K, reserved 1048576K
}
Event: 2.401 GC heap before
{Heap before GC invocations=3 (full 0):
 garbage-first heap   total 262144K, used 37197K [0x0000000080000000, 0x0000000100000000)
  region size 1024K, 32 young (32768K), 11 survivors (11264K)
 Metaspace       used 22838K, capacity 23332K, committed 23552K, reserved 1069056K
  class space    used 2897K, capacity 3066K, committed 3072K, reserved 1048576K
}
Event: 2.407 GC heap after
{Heap after GC invocations=4 (full 0):
 garbage-first heap   total 262144K, used 17574K [0x0000000080000000, 0x0000000100000000)
  region size 1024K, 2 young (2048K), 2 survivors (2048K)
 Metaspace       used 22838K, capacity 23332K, committed 23552K, reserved 1069056K
  class space    used 2897K, capacity 3066K, committed 3072K, reserved 1048576K
}
Event: 3.438 GC heap before
{Heap before GC invocations=4 (full 0):
 garbage-first heap   total 262144K, used 109734K [0x0000000080000000, 0x0000000100000000)
  region size 1024K, 93 young (95232K), 2 survivors (2048K)
 Metaspace       used 34907K, capacity 35719K, committed 35840K, reserved 1081344K
  class space    used 4534K, capacity 4839K, committed 4864K, reserved 1048576K
}
Event: 3.450 GC heap after
{Heap after GC invocations=5 (full 0):
 garbage-first heap   total 262144K, used 21785K [0x0000000080000000, 0x0000000100000000)
  region size 1024K, 6 young (6144K), 6 survivors (6144K)
 Metaspace       used 34907K, capacity 35719K, committed 35840K, reserved 1081344K
  class space    used 4534K, capacity 4839K, committed 4864K, reserved 1048576K
}
Event: 4.825 GC heap before
{Heap before GC invocations=6 (full 0):
 garbage-first heap   total 262144K, used 167193K [0x0000000080000000, 0x0000000100000000)
  region size 1024K, 145 young (148480K), 6 survivors (6144K)
 Metaspace       used 45880K, capacity 47035K, committed 47360K, reserved 1089536K
  class space    used 5915K, capacity 6317K, committed 6400K, reserved 1048576K
}
Event: 4.834 GC heap after
{Heap after GC invocations=7 (full 0):
 garbage-first heap   total 262144K, used 30245K [0x0000000080000000, 0x0000000100000000)
  region size 1024K, 14 young (14336K), 14 survivors (14336K)
 Metaspace       used 45880K, capacity 47035K, committed 47360K, reserved 1089536K
  class space    used 5915K, capacity 6317K, committed 6400K, reserved 1048576K
}
Event: 6.161 GC heap before
{Heap before GC invocations=7 (full 0):
 garbage-first heap   total 262144K, used 179749K [0x0000000080000000, 0x0000000100000000)
  region size 1024K, 153 young (156672K), 14 survivors (14336K)
 Metaspace       used 54374K, capacity 55841K, committed 55936K, reserved 1097728K
  class space    used 6978K, capacity 7524K, committed 7552K, reserved 1048576K
}
Event: 6.174 GC heap after
{Heap after GC invocations=8 (full 0):
 garbage-first heap   total 262144K, used 51224K [0x0000000080000000, 0x0000000100000000)
  region size 1024K, 20 young (20480K), 20 survivors (20480K)
 Metaspace       used 54374K, capacity 55841K, committed 55936K, reserved 1097728K
  class space    used 6978K, capacity 7524K, committed 7552K, reserved 1048576K
}
Event: 6.496 GC heap before
{Heap before GC invocations=8 (full 0):
 garbage-first heap   total 262144K, used 76824K [0x0000000080000000, 0x0000000100000000)
  region size 1024K, 46 young (47104K), 20 survivors (20480K)
 Metaspace       used 58373K, capacity 59869K, committed 59904K, reserved 1101824K
  class space    used 7374K, capacity 7906K, committed 7936K, reserved 1048576K
}
Event: 6.514 GC heap after
{Heap after GC invocations=9 (full 0):
 garbage-first heap   total 262144K, used 54892K [0x0000000080000000, 0x0000000100000000)
  region size 1024K, 3 young (3072K), 3 survivors (3072K)
 Metaspace       used 58373K, capacity 59869K, committed 59904K, reserved 1101824K
  class space    used 7374K, capacity 7906K, committed 7936K, reserved 1048576K
}
Event: 7.602 GC heap before
{Heap before GC invocations=10 (full 0):
 garbage-first heap   total 262144K, used 149100K [0x0000000080000000, 0x0000000100000000)
  region size 1024K, 95 young (97280K), 3 survivors (3072K)
 Metaspace       used 67943K, capacity 69576K, committed 69752K, reserved 1110016K
  class space    used 8607K, capacity 9252K, committed 9336K, reserved 1048576K
}
Event: 7.609 GC heap after
{Heap after GC invocations=11 (full 0):
 garbage-first heap   total 262144K, used 59444K [0x0000000080000000, 0x0000000100000000)
  region size 1024K, 8 young (8192K), 8 survivors (8192K)
 Metaspace       used 67943K, capacity 69576K, committed 69752K, reserved 1110016K
  class space    used 8607K, capacity 9252K, committed 9336K, reserved 1048576K
}
Event: 8.617 GC heap before
{Heap before GC invocations=12 (full 0):
 garbage-first heap   total 262144K, used 158772K [0x0000000080000000, 0x0000000100000000)
  region size 1024K, 105 young (107520K), 8 survivors (8192K)
 Metaspace       used 74900K, capacity 76539K, committed 76664K, reserved 1116160K
  class space    used 9654K, capacity 10267K, committed 10360K, reserved 1048576K
}
Event: 8.626 GC heap after
{Heap after GC invocations=13 (full 0):
 garbage-first heap   total 262144K, used 66303K [0x0000000080000000, 0x0000000100000000)
  region size 1024K, 13 young (13312K), 13 survivors (13312K)
 Metaspace       used 74900K, capacity 76539K, committed 76664K, reserved 1116160K
  class space    used 9654K, capacity 10267K, committed 10360K, reserved 1048576K
}
Event: 9.840 GC heap before
{Heap before GC invocations=13 (full 0):
 garbage-first heap   total 262144K, used 168703K [0x0000000080000000, 0x0000000100000000)
  region size 1024K, 113 young (115712K), 13 survivors (13312K)
 Metaspace       used 84360K, capacity 86191K, committed 86520K, reserved 1124352K
  class space    used 10949K, capacity 11635K, committed 11768K, reserved 1048576K
}
Event: 9.851 GC heap after
{Heap after GC invocations=14 (full 0):
 garbage-first heap   total 262144K, used 72597K [0x0000000080000000, 0x0000000100000000)
  region size 1024K, 13 young (13312K), 13 survivors (13312K)
 Metaspace       used 84360K, capacity 86191K, committed 86520K, reserved 1124352K
  class space    used 10949K, capacity 11635K, committed 11768K, reserved 1048576K
}
Event: 10.857 GC heap before
{Heap before GC invocations=14 (full 0):
 garbage-first heap   total 262144K, used 176021K [0x0000000080000000, 0x0000000100000000)
  region size 1024K, 115 young (117760K), 13 survivors (13312K)
 Metaspace       used 90484K, capacity 93075K, committed 93176K, reserved 1130496K
  class space    used 11786K, capacity 12786K, committed 12792K, reserved 1048576K
}
Event: 10.872 GC heap after
{Heap after GC invocations=15 (full 0):
 garbage-first heap   total 262144K, used 82208K [0x0000000080000000, 0x0000000100000000)
  region size 1024K, 15 young (15360K), 15 survivors (15360K)
 Metaspace       used 90484K, capacity 93075K, committed 93176K, reserved 1130496K
  class space    used 11786K, capacity 12786K, committed 12792K, reserved 1048576K
}

