# JRE version: OpenJDK Runtime Environment (11.0.12+7) (build 11.0.12+7-b1504.28-7817840)
# Java VM: OpenJDK 64-Bit Server VM (11.0.12+7-b1504.28-7817840, mixed mode, tiered, compressed oops, g1 gc, windows-amd64)
Heap:
 garbage-first heap   total 393216K, used 250137K [0x0000000080000000, 0x0000000100000000)
  region size 1024K, 68 young (69632K), 7 survivors (7168K)
 Metaspace       used 120491K, capacity 123488K, committed 124752K, reserved 1157120K
  class space    used 15136K, capacity 16326K, committed 16976K, reserved 1048576K
GC Heap History (20 events):
Event: 17.499 GC heap before
{Heap before GC invocations=30 (full 0):
 garbage-first heap   total 262144K, used 176851K [0x0000000080000000, 0x0000000100000000)
  region size 1024K, 12 young (12288K), 6 survivors (6144K)
 Metaspace       used 117649K, capacity 120726K, committed 121680K, reserved 1155072K
  class space    used 15121K, capacity 16387K, committed 16720K, reserved 1048576K
}
Event: 17.508 GC heap after
{Heap after GC invocations=31 (full 0):
 garbage-first heap   total 327680K, used 168350K [0x0000000080000000, 0x0000000100000000)
  region size 1024K, 2 young (2048K), 2 survivors (2048K)
 Metaspace       used 117649K, capacity 120726K, committed 121680K, reserved 1155072K
  class space    used 15121K, capacity 16387K, committed 16720K, reserved 1048576K
}
Event: 17.805 GC heap before
{Heap before GC invocations=31 (full 0):
 garbage-first heap   total 327680K, used 245150K [0x0000000080000000, 0x0000000100000000)
  region size 1024K, 77 young (78848K), 2 survivors (2048K)
 Metaspace       used 118977K, capacity 122135K, committed 122832K, reserved 1155072K
  class space    used 15282K, capacity 16597K, committed 16848K, reserved 1048576K
}
Event: 17.815 GC heap after
{Heap after GC invocations=32 (full 0):
 garbage-first heap   total 327680K, used 171666K [0x0000000080000000, 0x0000000100000000)
  region size 1024K, 5 young (5120K), 5 survivors (5120K)
 Metaspace       used 118977K, capacity 122135K, committed 122832K, reserved 1155072K
  class space    used 15282K, capacity 16597K, committed 16848K, reserved 1048576K
}
Event: 18.455 GC heap before
{Heap before GC invocations=33 (full 0):
 garbage-first heap   total 327680K, used 250514K [0x0000000080000000, 0x0000000100000000)
  region size 1024K, 82 young (83968K), 5 survivors (5120K)
 Metaspace       used 119160K, capacity 122054K, committed 123728K, reserved 1157120K
  class space    used 15067K, capacity 16213K, committed 16976K, reserved 1048576K
}
Event: 18.461 GC heap after
{Heap after GC invocations=34 (full 0):
 garbage-first heap   total 327680K, used 171827K [0x0000000080000000, 0x0000000100000000)
  region size 1024K, 5 young (5120K), 5 survivors (5120K)
 Metaspace       used 119160K, capacity 122054K, committed 123728K, reserved 1157120K
  class space    used 15067K, capacity 16213K, committed 16976K, reserved 1048576K
}
Event: 18.575 GC heap before
{Heap before GC invocations=34 (full 0):
 garbage-first heap   total 327680K, used 182067K [0x0000000080000000, 0x0000000100000000)
  region size 1024K, 16 young (16384K), 5 survivors (5120K)
 Metaspace       used 119360K, capacity 122315K, committed 123728K, reserved 1157120K
  class space    used 15119K, capacity 16302K, committed 16976K, reserved 1048576K
}
Event: 18.583 GC heap after
{Heap after GC invocations=35 (full 0):
 garbage-first heap   total 327680K, used 166324K [0x0000000080000000, 0x0000000100000000)
  region size 1024K, 2 young (2048K), 2 survivors (2048K)
 Metaspace       used 119360K, capacity 122315K, committed 123728K, reserved 1157120K
  class space    used 15119K, capacity 16302K, committed 16976K, reserved 1048576K
}
Event: 18.922 GC heap before
{Heap before GC invocations=35 (full 0):
 garbage-first heap   total 327680K, used 251316K [0x0000000080000000, 0x0000000100000000)
  region size 1024K, 85 young (87040K), 2 survivors (2048K)
 Metaspace       used 119405K, capacity 122396K, committed 123984K, reserved 1157120K
  class space    used 15124K, capacity 16308K, committed 16976K, reserved 1048576K
}
Event: 18.929 GC heap after
{Heap after GC invocations=36 (full 0):
 garbage-first heap   total 327680K, used 166118K [0x0000000080000000, 0x0000000100000000)
  region size 1024K, 1 young (1024K), 1 survivors (1024K)
 Metaspace       used 119405K, capacity 122396K, committed 123984K, reserved 1157120K
  class space    used 15124K, capacity 16308K, committed 16976K, reserved 1048576K
}
Event: 19.204 GC heap before
{Heap before GC invocations=37 (full 0):
 garbage-first heap   total 327680K, used 256230K [0x0000000080000000, 0x0000000100000000)
  region size 1024K, 90 young (92160K), 1 survivors (1024K)
 Metaspace       used 119682K, capacity 122671K, committed 124240K, reserved 1157120K
  class space    used 15128K, capacity 16313K, committed 16976K, reserved 1048576K
}
Event: 19.210 GC heap after
{Heap after GC invocations=38 (full 0):
 garbage-first heap   total 393216K, used 168227K [0x0000000080000000, 0x0000000100000000)
  region size 1024K, 3 young (3072K), 3 survivors (3072K)
 Metaspace       used 119682K, capacity 122671K, committed 124240K, reserved 1157120K
  class space    used 15128K, capacity 16313K, committed 16976K, reserved 1048576K
}
Event: 19.244 GC heap before
{Heap before GC invocations=38 (full 0):
 garbage-first heap   total 393216K, used 183587K [0x0000000080000000, 0x0000000100000000)
  region size 1024K, 19 young (19456K), 3 survivors (3072K)
 Metaspace       used 119712K, capacity 122675K, committed 124240K, reserved 1157120K
  class space    used 15128K, capacity 16313K, committed 16976K, reserved 1048576K
}
Event: 19.247 GC heap after
{Heap after GC invocations=39 (full 0):
 garbage-first heap   total 393216K, used 167751K [0x0000000080000000, 0x0000000100000000)
  region size 1024K, 2 young (2048K), 2 survivors (2048K)
 Metaspace       used 119712K, capacity 122675K, committed 124240K, reserved 1157120K
  class space    used 15128K, capacity 16313K, committed 16976K, reserved 1048576K
}
Event: 19.449 GC heap before
{Heap before GC invocations=39 (full 0):
 garbage-first heap   total 393216K, used 288583K [0x0000000080000000, 0x0000000100000000)
  region size 1024K, 121 young (123904K), 2 survivors (2048K)
 Metaspace       used 119896K, capacity 122882K, committed 124240K, reserved 1157120K
  class space    used 15128K, capacity 16314K, committed 16976K, reserved 1048576K
}
Event: 19.453 GC heap after
{Heap after GC invocations=40 (full 0):
 garbage-first heap   total 393216K, used 169715K [0x0000000080000000, 0x0000000100000000)
  region size 1024K, 3 young (3072K), 3 survivors (3072K)
 Metaspace       used 119896K, capacity 122882K, committed 124240K, reserved 1157120K
  class space    used 15128K, capacity 16314K, committed 16976K, reserved 1048576K
}
Event: 19.617 GC heap before
{Heap before GC invocations=40 (full 0):
 garbage-first heap   total 393216K, used 296691K [0x0000000080000000, 0x0000000100000000)
  region size 1024K, 128 young (131072K), 3 survivors (3072K)
 Metaspace       used 120032K, capacity 123032K, committed 124496K, reserved 1157120K
  class space    used 15132K, capacity 16318K, committed 16976K, reserved 1048576K
}
Event: 19.622 GC heap after
{Heap after GC invocations=41 (full 0):
 garbage-first heap   total 393216K, used 173375K [0x0000000080000000, 0x0000000100000000)
  region size 1024K, 7 young (7168K), 7 survivors (7168K)
 Metaspace       used 120032K, capacity 123032K, committed 124496K, reserved 1157120K
  class space    used 15132K, capacity 16318K, committed 16976K, reserved 1048576K
}
Event: 19.776 GC heap before
{Heap before GC invocations=41 (full 0):
 garbage-first heap   total 393216K, used 302399K [0x0000000080000000, 0x0000000100000000)
  region size 1024K, 134 young (137216K), 7 survivors (7168K)
 Metaspace       used 120168K, capacity 123174K, committed 124496K, reserved 1157120K
  class space    used 15133K, capacity 16319K, committed 16976K, reserved 1048576K
}
Event: 19.782 GC heap after
{Heap after GC invocations=42 (full 0):
 garbage-first heap   total 393216K, used 177690K [0x0000000080000000, 0x0000000100000000)
  region size 1024K, 11 young (11264K), 11 survivors (11264K)
 Metaspace       used 120168K, capacity 123174K, committed 124496K, reserved 1157120K
  class space    used 15133K, capacity 16319K, committed 16976K, reserved 1048576K
}

