# JRE version: OpenJDK Runtime Environment (11.0.12+7) (build 11.0.12+7-b1504.28-7817840)
# Java VM: OpenJDK 64-Bit Server VM (11.0.12+7-b1504.28-7817840, mixed mode, tiered, compressed oops, g1 gc, windows-amd64)
Heap:
 garbage-first heap   total 346112K, used 174794K [0x0000000080000000, 0x0000000100000000)
  region size 1024K, 6 young (6144K), 6 survivors (6144K)
 Metaspace       used 117570K, capacity 120486K, committed 120784K, reserved 1153024K
  class space    used 15004K, capacity 16197K, committed 16336K, reserved 1048576K
GC Heap History (20 events):
Event: 16.008 GC heap after
{Heap after GC invocations=20 (full 0):
 garbage-first heap   total 262144K, used 128009K [0x0000000080000000, 0x0000000100000000)
  region size 1024K, 9 young (9216K), 9 survivors (9216K)
 Metaspace       used 101330K, capacity 103627K, committed 105296K, reserved 1140736K
  class space    used 12711K, capacity 13565K, committed 14160K, reserved 1048576K
}
Event: 16.504 GC heap before
{Heap before GC invocations=20 (full 0):
 garbage-first heap   total 262144K, used 200713K [0x0000000080000000, 0x0000000100000000)
  region size 1024K, 81 young (82944K), 9 survivors (9216K)
 Metaspace       used 104978K, capacity 107324K, committed 109136K, reserved 1144832K
  class space    used 13175K, capacity 14049K, committed 14672K, reserved 1048576K
}
Event: 16.510 GC heap after
{Heap after GC invocations=21 (full 0):
 garbage-first heap   total 262144K, used 125610K [0x0000000080000000, 0x0000000100000000)
  region size 1024K, 3 young (3072K), 3 survivors (3072K)
 Metaspace       used 104978K, capacity 107324K, committed 109136K, reserved 1144832K
  class space    used 13175K, capacity 14049K, committed 14672K, reserved 1048576K
}
Event: 17.634 GC heap before
{Heap before GC invocations=22 (full 0):
 garbage-first heap   total 262144K, used 193692K [0x0000000080000000, 0x0000000100000000)
  region size 1024K, 80 young (81920K), 3 survivors (3072K)
 Metaspace       used 107078K, capacity 109406K, committed 111056K, reserved 1144832K
  class space    used 13362K, capacity 14220K, committed 14800K, reserved 1048576K
}
Event: 17.644 GC heap after
{Heap after GC invocations=23 (full 0):
 garbage-first heap   total 262144K, used 121793K [0x0000000080000000, 0x0000000100000000)
  region size 1024K, 9 young (9216K), 9 survivors (9216K)
 Metaspace       used 107078K, capacity 109406K, committed 111056K, reserved 1144832K
  class space    used 13362K, capacity 14220K, committed 14800K, reserved 1048576K
}
Event: 17.655 GC heap before
{Heap before GC invocations=23 (full 0):
 garbage-first heap   total 262144K, used 123841K [0x0000000080000000, 0x0000000100000000)
  region size 1024K, 12 young (12288K), 9 survivors (9216K)
 Metaspace       used 107088K, capacity 109406K, committed 111056K, reserved 1144832K
  class space    used 13362K, capacity 14220K, committed 14800K, reserved 1048576K
}
Event: 17.662 GC heap after
{Heap after GC invocations=24 (full 0):
 garbage-first heap   total 262144K, used 109075K [0x0000000080000000, 0x0000000100000000)
  region size 1024K, 2 young (2048K), 2 survivors (2048K)
 Metaspace       used 107088K, capacity 109406K, committed 111056K, reserved 1144832K
  class space    used 13362K, capacity 14220K, committed 14800K, reserved 1048576K
}
Event: 17.887 GC heap before
{Heap before GC invocations=24 (full 0):
 garbage-first heap   total 262144K, used 198163K [0x0000000080000000, 0x0000000100000000)
  region size 1024K, 90 young (92160K), 2 survivors (2048K)
 Metaspace       used 108633K, capacity 110898K, committed 112208K, reserved 1146880K
  class space    used 13564K, capacity 14448K, committed 14928K, reserved 1048576K
}
Event: 17.893 GC heap after
{Heap after GC invocations=25 (full 0):
 garbage-first heap   total 262144K, used 126094K [0x0000000080000000, 0x0000000100000000)
  region size 1024K, 12 young (12288K), 12 survivors (12288K)
 Metaspace       used 108633K, capacity 110898K, committed 112208K, reserved 1146880K
  class space    used 13564K, capacity 14448K, committed 14928K, reserved 1048576K
}
Event: 18.220 GC heap before
{Heap before GC invocations=25 (full 0):
 garbage-first heap   total 262144K, used 200846K [0x0000000080000000, 0x0000000100000000)
  region size 1024K, 86 young (88064K), 12 survivors (12288K)
 Metaspace       used 113495K, capacity 116090K, committed 116688K, reserved 1150976K
  class space    used 14266K, capacity 15283K, committed 15568K, reserved 1048576K
}
Event: 18.231 GC heap after
{Heap after GC invocations=26 (full 0):
 garbage-first heap   total 262144K, used 133789K [0x0000000080000000, 0x0000000100000000)
  region size 1024K, 11 young (11264K), 11 survivors (11264K)
 Metaspace       used 113495K, capacity 116090K, committed 116688K, reserved 1150976K
  class space    used 14266K, capacity 15283K, committed 15568K, reserved 1048576K
}
Event: 18.359 GC heap before
{Heap before GC invocations=26 (full 0):
 garbage-first heap   total 262144K, used 203421K [0x0000000080000000, 0x0000000100000000)
  region size 1024K, 79 young (80896K), 11 survivors (11264K)
 Metaspace       used 114926K, capacity 117746K, committed 117968K, reserved 1150976K
  class space    used 14554K, capacity 15687K, committed 15824K, reserved 1048576K
}
Event: 18.388 GC heap after
{Heap after GC invocations=27 (full 0):
 garbage-first heap   total 262144K, used 145218K [0x0000000080000000, 0x0000000100000000)
  region size 1024K, 10 young (10240K), 10 survivors (10240K)
 Metaspace       used 114926K, capacity 117746K, committed 117968K, reserved 1150976K
  class space    used 14554K, capacity 15687K, committed 15824K, reserved 1048576K
}
Event: 18.541 GC heap before
{Heap before GC invocations=27 (full 0):
 garbage-first heap   total 262144K, used 206658K [0x0000000080000000, 0x0000000100000000)
  region size 1024K, 70 young (71680K), 10 survivors (10240K)
 Metaspace       used 115658K, capacity 118469K, committed 118864K, reserved 1153024K
  class space    used 14674K, capacity 15824K, committed 15952K, reserved 1048576K
}
Event: 18.557 GC heap after
{Heap after GC invocations=28 (full 0):
 garbage-first heap   total 262144K, used 157303K [0x0000000080000000, 0x0000000100000000)
  region size 1024K, 9 young (9216K), 9 survivors (9216K)
 Metaspace       used 115658K, capacity 118469K, committed 118864K, reserved 1153024K
  class space    used 14674K, capacity 15824K, committed 15952K, reserved 1048576K
}
Event: 18.621 GC heap before
{Heap before GC invocations=29 (full 0):
 garbage-first heap   total 262144K, used 210551K [0x0000000080000000, 0x0000000100000000)
  region size 1024K, 61 young (62464K), 9 survivors (9216K)
 Metaspace       used 116601K, capacity 119449K, committed 119760K, reserved 1153024K
  class space    used 14824K, capacity 15980K, committed 16080K, reserved 1048576K
}
Event: 18.635 GC heap after
{Heap after GC invocations=30 (full 0):
 garbage-first heap   total 262144K, used 167843K [0x0000000080000000, 0x0000000100000000)
  region size 1024K, 8 young (8192K), 8 survivors (8192K)
 Metaspace       used 116601K, capacity 119449K, committed 119760K, reserved 1153024K
  class space    used 14824K, capacity 15980K, committed 16080K, reserved 1048576K
}
Event: 18.639 GC heap before
{Heap before GC invocations=30 (full 0):
 garbage-first heap   total 262144K, used 171939K [0x0000000080000000, 0x0000000100000000)
  region size 1024K, 12 young (12288K), 8 survivors (8192K)
 Metaspace       used 116613K, capacity 119513K, committed 119760K, reserved 1153024K
  class space    used 14825K, capacity 15980K, committed 16080K, reserved 1048576K
}
Event: 18.647 GC heap after
{Heap after GC invocations=31 (full 0):
 garbage-first heap   total 262144K, used 167752K [0x0000000080000000, 0x0000000100000000)
  region size 1024K, 2 young (2048K), 2 survivors (2048K)
 Metaspace       used 116613K, capacity 119513K, committed 119760K, reserved 1153024K
  class space    used 14825K, capacity 15980K, committed 16080K, reserved 1048576K
}
Event: 18.704 GC heap before
{Heap before GC invocations=31 (full 0):
 garbage-first heap   total 262144K, used 213832K [0x0000000080000000, 0x0000000100000000)
  region size 1024K, 47 young (48128K), 2 survivors (2048K)
 Metaspace       used 117570K, capacity 120486K, committed 120784K, reserved 1153024K
  class space    used 15004K, capacity 16197K, committed 16336K, reserved 1048576K
}

